
Gurobi 6.5.2 (win64) logging started 10/05/16 23:08:38

Read LP format model from file sample.lp
Reading time = 0.00 seconds
(null): 36 rows, 77 columns, 165 nonzeros
Optimize a model with 36 rows, 77 columns and 165 nonzeros
Coefficient statistics:
  Matrix range    [8e-01, 2e+01]
  Objective range [1e+00, 2e+01]
  Bounds range    [1e+00, 1e+00]
  RHS range       [0e+00, 0e+00]
Presolve removed 36 rows and 77 columns
Presolve time: 0.01s
Presolve: All rows and columns removed
Iteration    Objective       Primal Inf.    Dual Inf.      Time
       0   -1.1995100e+02   0.000000e+00   0.000000e+00      0s

Solved in 0 iterations and 0.01 seconds
Optimal objective -1.199510000e+02

Gurobi 6.5.2 (win64) logging started 10/05/16 23:12:44

Read LP format model from file sample.lp
Reading time = 0.00 seconds
(null): 36 rows, 77 columns, 165 nonzeros
Optimize a model with 36 rows, 77 columns and 165 nonzeros
Coefficient statistics:
  Matrix range    [8e-01, 2e+01]
  Objective range [1e+00, 2e+01]
  Bounds range    [1e+00, 1e+00]
  RHS range       [0e+00, 0e+00]
Presolve time: 0.00s
Presolved: 36 rows, 77 columns, 165 nonzeros

Iteration    Objective       Primal Inf.    Dual Inf.      Time
       0   -1.1995100e+02   4.217396e+01   0.000000e+00      0s
      37   -4.6784578e+00   0.000000e+00   0.000000e+00      0s

Solved in 37 iterations and 0.01 seconds
Optimal objective -4.678457835e+00

Gurobi 6.5.2 (win64) logging started 10/05/16 23:30:22

Read LP format model from file sample.lp
Reading time = 0.00 seconds
(null): 36 rows, 77 columns, 165 nonzeros
Optimize a model with 36 rows, 77 columns and 165 nonzeros
Coefficient statistics:
  Matrix range    [8e-01, 2e+01]
  Objective range [1e+00, 2e+01]
  Bounds range    [1e+00, 1e+00]
  RHS range       [0e+00, 0e+00]
Presolve time: 0.00s
Presolved: 36 rows, 77 columns, 165 nonzeros

Iteration    Objective       Primal Inf.    Dual Inf.      Time
       0   -1.1995100e+02   4.217396e+01   0.000000e+00      0s
      37   -4.6784578e+00   0.000000e+00   0.000000e+00      0s

Solved in 37 iterations and 0.00 seconds
Optimal objective -4.678457835e+00

Gurobi 6.5.2 (win64) logging started 10/06/16 00:10:46

Read LP format model from file sample.lp
Reading time = 0.00 seconds
(null): 36 rows, 77 columns, 165 nonzeros
Optimize a model with 36 rows, 77 columns and 165 nonzeros
Coefficient statistics:
  Matrix range    [8e-01, 2e+01]
  Objective range [1e+00, 2e+01]
  Bounds range    [1e+00, 1e+00]
  RHS range       [0e+00, 0e+00]
Presolve time: 0.00s
Presolved: 36 rows, 77 columns, 165 nonzeros

Iteration    Objective       Primal Inf.    Dual Inf.      Time
       0   -1.1995100e+02   4.217396e+01   0.000000e+00      0s
      37   -4.6784578e+00   0.000000e+00   0.000000e+00      0s

Solved in 37 iterations and 0.01 seconds
Optimal objective -4.678457835e+00

Gurobi 6.5.2 (win64) logging started 10/06/16 00:50:33

Read LP format model from file sample.lp
Reading time = 0.00 seconds
(null): 36 rows, 77 columns, 165 nonzeros
Optimize a model with 36 rows, 77 columns and 165 nonzeros
Coefficient statistics:
  Matrix range    [8e-01, 2e+01]
  Objective range [1e+00, 2e+01]
  Bounds range    [1e+00, 1e+00]
  RHS range       [0e+00, 0e+00]
Presolve time: 0.01s
Presolved: 36 rows, 77 columns, 165 nonzeros

Iteration    Objective       Primal Inf.    Dual Inf.      Time
       0   -1.1995100e+02   4.217396e+01   0.000000e+00      0s
      37   -4.6784578e+00   0.000000e+00   0.000000e+00      0s

Solved in 37 iterations and 0.03 seconds
Optimal objective -4.678457835e+00

Gurobi 6.5.2 (win64) logging started 10/06/16 01:14:21

Read LP format model from file sample.lp
Reading time = 0.00 seconds
(null): 36 rows, 77 columns, 165 nonzeros
Optimize a model with 36 rows, 77 columns and 165 nonzeros
Coefficient statistics:
  Matrix range    [8e-01, 2e+01]
  Objective range [1e+00, 2e+01]
  Bounds range    [1e+00, 1e+00]
  RHS range       [0e+00, 0e+00]
Presolve time: 0.00s
Presolved: 36 rows, 77 columns, 165 nonzeros

Iteration    Objective       Primal Inf.    Dual Inf.      Time
       0   -1.1995100e+02   4.217396e+01   0.000000e+00      0s
      37   -4.6784578e+00   0.000000e+00   0.000000e+00      0s

Solved in 37 iterations and 0.01 seconds
Optimal objective -4.678457835e+00

Gurobi 6.5.2 (win64) logging started 10/07/16 15:53:55

Read LP format model from file sample.lp
Reading time = 0.00 seconds
(null): 36 rows, 77 columns, 165 nonzeros
Optimize a model with 36 rows, 77 columns and 165 nonzeros
Coefficient statistics:
  Matrix range    [8e-01, 2e+01]
  Objective range [1e+00, 2e+01]
  Bounds range    [1e+00, 1e+00]
  RHS range       [0e+00, 0e+00]
Presolve time: 0.02s
Presolved: 36 rows, 77 columns, 165 nonzeros

Iteration    Objective       Primal Inf.    Dual Inf.      Time
       0   -1.1995100e+02   4.217396e+01   0.000000e+00      0s
      37   -4.6784578e+00   0.000000e+00   0.000000e+00      0s

Solved in 37 iterations and 0.04 seconds
Optimal objective -4.678457835e+00

Gurobi 6.5.2 (win64) logging started 10/07/16 16:55:29

Read LP format model from file sample.lp
Reading time = 0.00 seconds
(null): 36 rows, 77 columns, 165 nonzeros
Optimize a model with 36 rows, 77 columns and 165 nonzeros
Coefficient statistics:
  Matrix range    [8e-01, 2e+01]
  Objective range [1e+00, 2e+01]
  Bounds range    [1e+00, 1e+00]
  RHS range       [0e+00, 0e+00]
Presolve time: 0.01s
Presolved: 36 rows, 77 columns, 165 nonzeros

Iteration    Objective       Primal Inf.    Dual Inf.      Time
       0   -1.1995100e+02   4.217396e+01   0.000000e+00      0s
      37   -4.6784578e+00   0.000000e+00   0.000000e+00      0s

Solved in 37 iterations and 0.01 seconds
Optimal objective -4.678457835e+00

Gurobi 6.5.2 (win64) logging started 10/07/16 16:58:43

Read LP format model from file sample.lp
Reading time = 0.00 seconds
(null): 36 rows, 77 columns, 165 nonzeros
Optimize a model with 36 rows, 77 columns and 165 nonzeros
Coefficient statistics:
  Matrix range    [8e-01, 2e+01]
  Objective range [1e+00, 2e+01]
  Bounds range    [1e+00, 1e+00]
  RHS range       [0e+00, 0e+00]
Presolve time: 0.01s
Presolved: 36 rows, 77 columns, 165 nonzeros

Iteration    Objective       Primal Inf.    Dual Inf.      Time
       0   -1.1995100e+02   4.217396e+01   0.000000e+00      0s
      37   -4.6784578e+00   0.000000e+00   0.000000e+00      0s

Solved in 37 iterations and 0.01 seconds
Optimal objective -4.678457835e+00

Gurobi 6.5.2 (win64) logging started 10/08/16 14:20:00

Read LP format model from file sample.lp
Reading time = 0.00 seconds
(null): 36 rows, 77 columns, 165 nonzeros
Optimize a model with 36 rows, 77 columns and 165 nonzeros
Coefficient statistics:
  Matrix range    [8e-01, 2e+01]
  Objective range [1e+00, 2e+01]
  Bounds range    [1e+00, 1e+00]
  RHS range       [0e+00, 0e+00]
Presolve time: 0.00s
Presolved: 36 rows, 77 columns, 165 nonzeros

Iteration    Objective       Primal Inf.    Dual Inf.      Time
       0   -1.1995100e+02   4.217396e+01   0.000000e+00      0s
      37   -4.6784578e+00   0.000000e+00   0.000000e+00      0s

Solved in 37 iterations and 0.01 seconds
Optimal objective -4.678457835e+00

Gurobi 6.5.2 (win64) logging started 10/08/16 17:30:01

Read LP format model from file sample.lp
Reading time = 0.01 seconds
(null): 36 rows, 77 columns, 165 nonzeros
Optimize a model with 36 rows, 77 columns and 165 nonzeros
Coefficient statistics:
  Matrix range    [8e-01, 2e+01]
  Objective range [1e+00, 2e+01]
  Bounds range    [1e+00, 1e+00]
  RHS range       [0e+00, 0e+00]
Presolve time: 0.05s
Presolved: 36 rows, 77 columns, 165 nonzeros

Iteration    Objective       Primal Inf.    Dual Inf.      Time
       0   -1.1995100e+02   4.217396e+01   0.000000e+00      0s
      37   -4.6784578e+00   0.000000e+00   0.000000e+00      0s

Solved in 37 iterations and 0.07 seconds
Optimal objective -4.678457835e+00

Gurobi 6.5.2 (win64) logging started 10/08/16 17:53:00

Read LP format model from file sample.lp
Reading time = 0.02 seconds
(null): 36 rows, 77 columns, 165 nonzeros
Optimize a model with 36 rows, 77 columns and 165 nonzeros
Coefficient statistics:
  Matrix range    [8e-01, 2e+01]
  Objective range [1e+00, 2e+01]
  Bounds range    [1e+00, 1e+00]
  RHS range       [0e+00, 0e+00]
Presolve time: 0.00s
Presolved: 36 rows, 77 columns, 165 nonzeros

Iteration    Objective       Primal Inf.    Dual Inf.      Time
       0   -1.1995100e+02   4.217396e+01   0.000000e+00      0s
      37   -4.6784578e+00   0.000000e+00   0.000000e+00      0s

Solved in 37 iterations and 0.00 seconds
Optimal objective -4.678457835e+00

Gurobi 6.5.2 (win64) logging started 10/08/16 18:01:36

Read LP format model from file sample.lp
Reading time = 0.00 seconds
(null): 36 rows, 77 columns, 165 nonzeros
Optimize a model with 36 rows, 77 columns and 165 nonzeros
Coefficient statistics:
  Matrix range    [8e-01, 2e+01]
  Objective range [1e+00, 2e+01]
  Bounds range    [1e+00, 1e+00]
  RHS range       [0e+00, 0e+00]
Presolve time: 0.02s
Presolved: 36 rows, 77 columns, 165 nonzeros

Iteration    Objective       Primal Inf.    Dual Inf.      Time
       0   -1.1995100e+02   4.217396e+01   0.000000e+00      0s
      37   -4.6784578e+00   0.000000e+00   0.000000e+00      0s

Solved in 37 iterations and 0.02 seconds
Optimal objective -4.678457835e+00

Gurobi 6.5.2 (win64) logging started 10/08/16 18:11:36

Read LP format model from file sample.lp
Reading time = 0.00 seconds
(null): 36 rows, 77 columns, 165 nonzeros
Optimize a model with 36 rows, 77 columns and 165 nonzeros
Coefficient statistics:
  Matrix range    [8e-01, 2e+01]
  Objective range [1e+00, 2e+01]
  Bounds range    [1e+00, 1e+00]
  RHS range       [0e+00, 0e+00]
Presolve time: 0.01s
Presolved: 36 rows, 77 columns, 165 nonzeros

Iteration    Objective       Primal Inf.    Dual Inf.      Time
       0   -1.1995100e+02   4.217396e+01   0.000000e+00      0s
      37   -4.6784578e+00   0.000000e+00   0.000000e+00      0s

Solved in 37 iterations and 0.01 seconds
Optimal objective -4.678457835e+00

Gurobi 6.5.2 (win64) logging started 10/08/16 18:15:09

Read LP format model from file sample.lp
Reading time = 0.00 seconds
(null): 36 rows, 77 columns, 165 nonzeros
Optimize a model with 36 rows, 77 columns and 165 nonzeros
Coefficient statistics:
  Matrix range    [8e-01, 2e+01]
  Objective range [1e+00, 2e+01]
  Bounds range    [1e+00, 1e+00]
  RHS range       [0e+00, 0e+00]
Presolve time: 0.00s
Presolved: 36 rows, 77 columns, 165 nonzeros

Iteration    Objective       Primal Inf.    Dual Inf.      Time
       0   -1.1995100e+02   4.217396e+01   0.000000e+00      0s
      37   -4.6784578e+00   0.000000e+00   0.000000e+00      0s

Solved in 37 iterations and 0.01 seconds
Optimal objective -4.678457835e+00

Gurobi 6.5.2 (win64) logging started 10/08/16 18:16:59

Read LP format model from file sample.lp
Reading time = 0.00 seconds
(null): 36 rows, 77 columns, 165 nonzeros
Optimize a model with 36 rows, 77 columns and 165 nonzeros
Coefficient statistics:
  Matrix range    [8e-01, 2e+01]
  Objective range [1e+00, 2e+01]
  Bounds range    [1e+00, 1e+00]
  RHS range       [0e+00, 0e+00]
Presolve time: 0.00s
Presolved: 36 rows, 77 columns, 165 nonzeros

Iteration    Objective       Primal Inf.    Dual Inf.      Time
       0   -1.1995100e+02   4.217396e+01   0.000000e+00      0s
      37   -4.6784578e+00   0.000000e+00   0.000000e+00      0s

Solved in 37 iterations and 0.01 seconds
Optimal objective -4.678457835e+00

Gurobi 6.5.2 (win64) logging started 10/08/16 18:20:52

Read LP format model from file sample.lp
Reading time = 0.00 seconds
(null): 36 rows, 77 columns, 165 nonzeros
Optimize a model with 36 rows, 77 columns and 165 nonzeros
Coefficient statistics:
  Matrix range    [8e-01, 2e+01]
  Objective range [1e+00, 2e+01]
  Bounds range    [1e+00, 1e+00]
  RHS range       [0e+00, 0e+00]
Presolve time: 0.00s
Presolved: 36 rows, 77 columns, 165 nonzeros

Iteration    Objective       Primal Inf.    Dual Inf.      Time
       0   -1.1995100e+02   4.217396e+01   0.000000e+00      0s
      37   -4.6784578e+00   0.000000e+00   0.000000e+00      0s

Solved in 37 iterations and 0.00 seconds
Optimal objective -4.678457835e+00

Gurobi 6.5.2 (win64) logging started 10/08/16 18:22:40

Read LP format model from file sample.lp
Reading time = 0.00 seconds
(null): 36 rows, 77 columns, 165 nonzeros
Optimize a model with 36 rows, 77 columns and 165 nonzeros
Coefficient statistics:
  Matrix range    [8e-01, 2e+01]
  Objective range [1e+00, 2e+01]
  Bounds range    [1e+00, 1e+00]
  RHS range       [0e+00, 0e+00]
Presolve time: 0.01s
Presolved: 36 rows, 77 columns, 165 nonzeros

Iteration    Objective       Primal Inf.    Dual Inf.      Time
       0   -1.1995100e+02   4.217396e+01   0.000000e+00      0s
      37   -4.6784578e+00   0.000000e+00   0.000000e+00      0s

Solved in 37 iterations and 0.01 seconds
Optimal objective -4.678457835e+00

Gurobi 6.5.2 (win64) logging started 10/08/16 18:28:01

Read LP format model from file sample.lp
Reading time = 0.00 seconds
(null): 36 rows, 77 columns, 165 nonzeros
Optimize a model with 36 rows, 77 columns and 165 nonzeros
Coefficient statistics:
  Matrix range    [8e-01, 2e+01]
  Objective range [1e+00, 2e+01]
  Bounds range    [1e+00, 1e+00]
  RHS range       [0e+00, 0e+00]
Presolve time: 0.00s
Presolved: 36 rows, 77 columns, 165 nonzeros

Iteration    Objective       Primal Inf.    Dual Inf.      Time
       0   -1.1995100e+02   4.217396e+01   0.000000e+00      0s
      37   -4.6784578e+00   0.000000e+00   0.000000e+00      0s

Solved in 37 iterations and 0.00 seconds
Optimal objective -4.678457835e+00

Gurobi 6.5.2 (win64) logging started 10/08/16 18:29:16

Read LP format model from file sample.lp
Reading time = 0.00 seconds
(null): 36 rows, 77 columns, 165 nonzeros
Optimize a model with 36 rows, 77 columns and 165 nonzeros
Coefficient statistics:
  Matrix range    [8e-01, 2e+01]
  Objective range [1e+00, 2e+01]
  Bounds range    [1e+00, 1e+00]
  RHS range       [0e+00, 0e+00]
Presolve time: 0.00s
Presolved: 36 rows, 77 columns, 165 nonzeros

Iteration    Objective       Primal Inf.    Dual Inf.      Time
       0   -1.1995100e+02   4.217396e+01   0.000000e+00      0s
      37   -4.6784578e+00   0.000000e+00   0.000000e+00      0s

Solved in 37 iterations and 0.00 seconds
Optimal objective -4.678457835e+00

Gurobi 6.5.2 (win64) logging started 10/08/16 18:30:39

Read LP format model from file sample.lp
Reading time = 0.00 seconds
(null): 36 rows, 77 columns, 165 nonzeros
Optimize a model with 36 rows, 77 columns and 165 nonzeros
Coefficient statistics:
  Matrix range    [8e-01, 2e+01]
  Objective range [1e+00, 2e+01]
  Bounds range    [1e+00, 1e+00]
  RHS range       [0e+00, 0e+00]
Presolve time: 0.01s
Presolved: 36 rows, 77 columns, 165 nonzeros

Iteration    Objective       Primal Inf.    Dual Inf.      Time
       0   -1.1995100e+02   4.217396e+01   0.000000e+00      0s
      37   -4.6784578e+00   0.000000e+00   0.000000e+00      0s

Solved in 37 iterations and 0.01 seconds
Optimal objective -4.678457835e+00

Gurobi 6.5.2 (win64) logging started 10/08/16 18:34:11

Read LP format model from file sample.lp
Reading time = 0.00 seconds
(null): 36 rows, 77 columns, 165 nonzeros
Optimize a model with 36 rows, 77 columns and 165 nonzeros
Coefficient statistics:
  Matrix range    [8e-01, 2e+01]
  Objective range [1e+00, 2e+01]
  Bounds range    [1e+00, 1e+00]
  RHS range       [0e+00, 0e+00]
Presolve time: 0.01s
Presolved: 36 rows, 77 columns, 165 nonzeros

Iteration    Objective       Primal Inf.    Dual Inf.      Time
       0   -1.1995100e+02   4.217396e+01   0.000000e+00      0s
      37   -4.6784578e+00   0.000000e+00   0.000000e+00      0s

Solved in 37 iterations and 0.01 seconds
Optimal objective -4.678457835e+00

Gurobi 6.5.2 (win64) logging started 10/08/16 18:34:43

Read LP format model from file sample.lp
Reading time = 0.00 seconds
(null): 36 rows, 77 columns, 165 nonzeros
Optimize a model with 36 rows, 77 columns and 165 nonzeros
Coefficient statistics:
  Matrix range    [8e-01, 2e+01]
  Objective range [1e+00, 2e+01]
  Bounds range    [1e+00, 1e+00]
  RHS range       [0e+00, 0e+00]
Presolve time: 0.01s
Presolved: 36 rows, 77 columns, 165 nonzeros

Iteration    Objective       Primal Inf.    Dual Inf.      Time
       0   -1.1995100e+02   4.217396e+01   0.000000e+00      0s
      37   -4.6784578e+00   0.000000e+00   0.000000e+00      0s

Solved in 37 iterations and 0.01 seconds
Optimal objective -4.678457835e+00

Gurobi 6.5.2 (win64) logging started 10/08/16 18:34:58

Read LP format model from file sample.lp
Reading time = 0.00 seconds
(null): 36 rows, 77 columns, 165 nonzeros
Optimize a model with 36 rows, 77 columns and 165 nonzeros
Coefficient statistics:
  Matrix range    [8e-01, 2e+01]
  Objective range [1e+00, 2e+01]
  Bounds range    [1e+00, 1e+00]
  RHS range       [0e+00, 0e+00]
Presolve time: 0.00s
Presolved: 36 rows, 77 columns, 165 nonzeros

Iteration    Objective       Primal Inf.    Dual Inf.      Time
       0   -1.1995100e+02   4.217396e+01   0.000000e+00      0s
      37   -4.6784578e+00   0.000000e+00   0.000000e+00      0s

Solved in 37 iterations and 0.01 seconds
Optimal objective -4.678457835e+00

Gurobi 6.5.2 (win64) logging started 10/08/16 18:35:37

Read LP format model from file sample.lp
Reading time = 0.00 seconds
(null): 36 rows, 77 columns, 165 nonzeros
Optimize a model with 36 rows, 77 columns and 165 nonzeros
Coefficient statistics:
  Matrix range    [8e-01, 2e+01]
  Objective range [1e+00, 2e+01]
  Bounds range    [1e+00, 1e+00]
  RHS range       [0e+00, 0e+00]
Presolve time: 0.01s
Presolved: 36 rows, 77 columns, 165 nonzeros

Iteration    Objective       Primal Inf.    Dual Inf.      Time
       0   -1.1995100e+02   4.142507e+01   0.000000e+00      0s
      34   -3.6469268e-01   0.000000e+00   0.000000e+00      0s

Solved in 34 iterations and 0.01 seconds
Optimal objective -3.646926798e-01

Gurobi 6.5.2 (win64) logging started 10/08/16 18:36:01

Read LP format model from file sample.lp
Reading time = 0.00 seconds
(null): 36 rows, 77 columns, 165 nonzeros
Optimize a model with 36 rows, 77 columns and 165 nonzeros
Coefficient statistics:
  Matrix range    [8e-01, 2e+01]
  Objective range [1e+00, 2e+01]
  Bounds range    [1e+00, 1e+00]
  RHS range       [0e+00, 0e+00]
Presolve time: 0.01s
Presolved: 36 rows, 77 columns, 165 nonzeros

Iteration    Objective       Primal Inf.    Dual Inf.      Time
       0   -1.1995100e+02   4.142507e+01   0.000000e+00      0s
      34   -3.6469268e-01   0.000000e+00   0.000000e+00      0s

Solved in 34 iterations and 0.01 seconds
Optimal objective -3.646926798e-01

Gurobi 6.5.2 (win64) logging started 10/08/16 18:36:11

Read LP format model from file sample.lp
Reading time = 0.00 seconds
(null): 36 rows, 77 columns, 165 nonzeros
Optimize a model with 36 rows, 77 columns and 165 nonzeros
Coefficient statistics:
  Matrix range    [8e-01, 2e+01]
  Objective range [1e+00, 2e+01]
  Bounds range    [1e+00, 1e+00]
  RHS range       [0e+00, 0e+00]
Presolve time: 0.00s
Presolved: 36 rows, 77 columns, 165 nonzeros

Iteration    Objective       Primal Inf.    Dual Inf.      Time
       0   -1.1995100e+02   4.142507e+01   0.000000e+00      0s
      34   -3.6469268e-01   0.000000e+00   0.000000e+00      0s

Solved in 34 iterations and 0.01 seconds
Optimal objective -3.646926798e-01

Gurobi 6.5.2 (win64) logging started 10/08/16 18:36:39

Read LP format model from file sample.lp
Reading time = 0.00 seconds
(null): 36 rows, 77 columns, 165 nonzeros
Optimize a model with 36 rows, 77 columns and 165 nonzeros
Coefficient statistics:
  Matrix range    [8e-01, 2e+01]
  Objective range [1e+00, 2e+01]
  Bounds range    [1e+00, 1e+00]
  RHS range       [0e+00, 0e+00]
Presolve time: 0.01s
Presolved: 36 rows, 77 columns, 165 nonzeros

Iteration    Objective       Primal Inf.    Dual Inf.      Time
       0   -1.1995100e+02   4.217396e+01   0.000000e+00      0s
      37   -4.6784578e+00   0.000000e+00   0.000000e+00      0s

Solved in 37 iterations and 0.01 seconds
Optimal objective -4.678457835e+00

Gurobi 6.5.2 (win64) logging started 10/08/16 18:36:51

Read LP format model from file sample.lp
Reading time = 0.00 seconds
(null): 36 rows, 77 columns, 165 nonzeros
Optimize a model with 36 rows, 77 columns and 165 nonzeros
Coefficient statistics:
  Matrix range    [8e-01, 2e+01]
  Objective range [1e+00, 2e+01]
  Bounds range    [1e+00, 1e+00]
  RHS range       [0e+00, 0e+00]
Presolve time: 0.00s
Presolved: 36 rows, 77 columns, 165 nonzeros

Iteration    Objective       Primal Inf.    Dual Inf.      Time
       0   -1.1995100e+02   4.217396e+01   0.000000e+00      0s
      37   -4.6784578e+00   0.000000e+00   0.000000e+00      0s

Solved in 37 iterations and 0.01 seconds
Optimal objective -4.678457835e+00

Gurobi 6.5.2 (win64) logging started 10/08/16 18:38:06

Read LP format model from file sample.lp
Reading time = 0.00 seconds
(null): 36 rows, 77 columns, 165 nonzeros
Optimize a model with 36 rows, 77 columns and 165 nonzeros
Coefficient statistics:
  Matrix range    [8e-01, 2e+01]
  Objective range [1e+00, 2e+01]
  Bounds range    [1e+00, 1e+00]
  RHS range       [0e+00, 0e+00]
Presolve time: 0.00s
Presolved: 36 rows, 77 columns, 165 nonzeros

Iteration    Objective       Primal Inf.    Dual Inf.      Time
       0   -1.1995100e+02   4.226757e+01   0.000000e+00      0s
      36   -5.6270322e+00   0.000000e+00   0.000000e+00      0s

Solved in 36 iterations and 0.01 seconds
Optimal objective -5.627032200e+00

Gurobi 6.5.2 (win64) logging started 10/08/16 18:38:22

Read LP format model from file sample.lp
Reading time = 0.00 seconds
(null): 36 rows, 77 columns, 165 nonzeros
Optimize a model with 36 rows, 77 columns and 165 nonzeros
Coefficient statistics:
  Matrix range    [8e-01, 2e+01]
  Objective range [1e+00, 2e+01]
  Bounds range    [1e+00, 1e+00]
  RHS range       [0e+00, 0e+00]
Presolve time: 0.00s
Presolved: 36 rows, 77 columns, 165 nonzeros

Iteration    Objective       Primal Inf.    Dual Inf.      Time
       0   -1.1995100e+02   4.142507e+01   0.000000e+00      0s
      34   -3.6469268e-01   0.000000e+00   0.000000e+00      0s

Solved in 34 iterations and 0.00 seconds
Optimal objective -3.646926798e-01

Gurobi 6.5.2 (win64) logging started 10/08/16 18:39:36

Read LP format model from file sample.lp
Reading time = 0.00 seconds
(null): 36 rows, 77 columns, 165 nonzeros
Optimize a model with 36 rows, 77 columns and 165 nonzeros
Coefficient statistics:
  Matrix range    [8e-01, 2e+01]
  Objective range [1e+00, 2e+01]
  Bounds range    [1e+00, 1e+00]
  RHS range       [0e+00, 0e+00]
Presolve time: 0.00s
Presolved: 36 rows, 77 columns, 165 nonzeros

Iteration    Objective       Primal Inf.    Dual Inf.      Time
       0   -1.1995100e+02   4.189312e+01   0.000000e+00      0s
      37   -2.4825508e+00   0.000000e+00   0.000000e+00      0s

Solved in 37 iterations and 0.00 seconds
Optimal objective -2.482550840e+00

Gurobi 6.5.2 (win64) logging started 10/08/16 18:39:44

Read LP format model from file sample.lp
Reading time = 0.00 seconds
(null): 36 rows, 77 columns, 165 nonzeros
Optimize a model with 36 rows, 77 columns and 165 nonzeros
Coefficient statistics:
  Matrix range    [6e-01, 3e+01]
  Objective range [1e+00, 2e+01]
  Bounds range    [1e+00, 1e+00]
  RHS range       [0e+00, 0e+00]
Presolve time: 0.01s
Presolved: 36 rows, 77 columns, 165 nonzeros

Iteration    Objective       Primal Inf.    Dual Inf.      Time
       0   -1.1995100e+02   3.955283e+01   0.000000e+00      0s
      23    0.0000000e+00   0.000000e+00   0.000000e+00      0s

Solved in 23 iterations and 0.01 seconds
Optimal objective  0.000000000e+00

Gurobi 6.5.2 (win64) logging started 10/08/16 18:39:49

Read LP format model from file sample.lp
Reading time = 0.00 seconds
(null): 36 rows, 77 columns, 165 nonzeros
Optimize a model with 36 rows, 77 columns and 165 nonzeros
Coefficient statistics:
  Matrix range    [4e-01, 3e+01]
  Objective range [1e+00, 2e+01]
  Bounds range    [1e+00, 1e+00]
  RHS range       [0e+00, 0e+00]
Presolve time: 0.01s
Presolved: 36 rows, 77 columns, 165 nonzeros

Iteration    Objective       Primal Inf.    Dual Inf.      Time
       0   -1.1995100e+02   3.609134e+01   0.000000e+00      0s
      12    0.0000000e+00   0.000000e+00   0.000000e+00      0s

Solved in 12 iterations and 0.01 seconds
Optimal objective  0.000000000e+00

Gurobi 6.5.2 (win64) logging started 10/08/16 18:40:04

Read LP format model from file sample.lp
Reading time = 0.00 seconds
(null): 36 rows, 77 columns, 165 nonzeros
Optimize a model with 36 rows, 77 columns and 165 nonzeros
Coefficient statistics:
  Matrix range    [8e-01, 2e+01]
  Objective range [1e+00, 2e+01]
  Bounds range    [1e+00, 1e+00]
  RHS range       [0e+00, 0e+00]
Presolve time: 0.01s
Presolved: 36 rows, 77 columns, 165 nonzeros

Iteration    Objective       Primal Inf.    Dual Inf.      Time
       0   -1.1995100e+02   4.142507e+01   0.000000e+00      0s
      34   -3.6469268e-01   0.000000e+00   0.000000e+00      0s

Solved in 34 iterations and 0.01 seconds
Optimal objective -3.646926798e-01

Gurobi 6.5.2 (win64) logging started 10/08/16 18:40:19

Read LP format model from file sample.lp
Reading time = 0.00 seconds
(null): 36 rows, 77 columns, 165 nonzeros
Optimize a model with 36 rows, 77 columns and 165 nonzeros
Coefficient statistics:
  Matrix range    [8e-01, 2e+01]
  Objective range [1e+00, 2e+01]
  Bounds range    [1e+00, 1e+00]
  RHS range       [0e+00, 0e+00]
Presolve time: 0.01s
Presolved: 36 rows, 77 columns, 165 nonzeros

Iteration    Objective       Primal Inf.    Dual Inf.      Time
       0   -1.1995100e+02   4.142507e+01   0.000000e+00      0s
      34   -3.6469268e-01   0.000000e+00   0.000000e+00      0s

Solved in 34 iterations and 0.01 seconds
Optimal objective -3.646926798e-01

Gurobi 6.5.2 (win64) logging started 10/08/16 18:40:34

Read LP format model from file sample.lp
Reading time = 0.00 seconds
(null): 36 rows, 77 columns, 165 nonzeros
Optimize a model with 36 rows, 77 columns and 165 nonzeros
Coefficient statistics:
  Matrix range    [8e-01, 2e+01]
  Objective range [1e+00, 2e+01]
  Bounds range    [1e+00, 1e+00]
  RHS range       [0e+00, 0e+00]
Presolve time: 0.01s
Presolved: 36 rows, 77 columns, 165 nonzeros

Iteration    Objective       Primal Inf.    Dual Inf.      Time
       0   -1.1995100e+02   4.142507e+01   0.000000e+00      0s
      34   -3.6469268e-01   0.000000e+00   0.000000e+00      0s

Solved in 34 iterations and 0.01 seconds
Optimal objective -3.646926798e-01

Gurobi 6.5.2 (win64) logging started 10/08/16 18:41:09

Read LP format model from file sample.lp
Reading time = 0.00 seconds
(null): 36 rows, 77 columns, 165 nonzeros
Optimize a model with 36 rows, 77 columns and 165 nonzeros
Coefficient statistics:
  Matrix range    [8e-01, 2e+01]
  Objective range [1e+00, 2e+01]
  Bounds range    [1e+00, 1e+00]
  RHS range       [0e+00, 0e+00]
Presolve time: 0.00s
Presolved: 36 rows, 77 columns, 165 nonzeros

Iteration    Objective       Primal Inf.    Dual Inf.      Time
       0   -1.1995100e+02   4.142507e+01   0.000000e+00      0s
      34   -3.6469268e-01   0.000000e+00   0.000000e+00      0s

Solved in 34 iterations and 0.01 seconds
Optimal objective -3.646926798e-01

Gurobi 6.5.2 (win64) logging started 10/08/16 18:41:13

Read LP format model from file sample.lp
Reading time = 0.00 seconds
(null): 36 rows, 77 columns, 165 nonzeros
Optimize a model with 36 rows, 77 columns and 165 nonzeros
Coefficient statistics:
  Matrix range    [8e-01, 2e+01]
  Objective range [1e+00, 2e+01]
  Bounds range    [1e+00, 1e+00]
  RHS range       [0e+00, 0e+00]
Presolve time: 0.01s
Presolved: 36 rows, 77 columns, 165 nonzeros

Iteration    Objective       Primal Inf.    Dual Inf.      Time
       0   -1.1995100e+02   4.142507e+01   0.000000e+00      0s
      34   -3.6469268e-01   0.000000e+00   0.000000e+00      0s

Solved in 34 iterations and 0.01 seconds
Optimal objective -3.646926798e-01

Gurobi 6.5.2 (win64) logging started 10/08/16 18:45:05

Read LP format model from file sample.lp
Reading time = 0.00 seconds
(null): 36 rows, 77 columns, 165 nonzeros
Optimize a model with 36 rows, 77 columns and 165 nonzeros
Coefficient statistics:
  Matrix range    [8e-01, 2e+01]
  Objective range [1e+00, 2e+01]
  Bounds range    [1e+00, 1e+00]
  RHS range       [0e+00, 0e+00]
Presolve time: 0.01s
Presolved: 36 rows, 77 columns, 165 nonzeros

Iteration    Objective       Primal Inf.    Dual Inf.      Time
       0   -1.1995100e+02   4.142507e+01   0.000000e+00      0s
      34   -3.6469268e-01   0.000000e+00   0.000000e+00      0s

Solved in 34 iterations and 0.01 seconds
Optimal objective -3.646926798e-01

Gurobi 6.5.2 (win64) logging started 10/08/16 20:50:13

Read LP format model from file sample.lp
Reading time = 0.00 seconds
(null): 36 rows, 77 columns, 165 nonzeros
Optimize a model with 36 rows, 77 columns and 165 nonzeros
Coefficient statistics:
  Matrix range    [8e-01, 2e+01]
  Objective range [1e+00, 2e+01]
  Bounds range    [1e+00, 1e+00]
  RHS range       [0e+00, 0e+00]
Presolve time: 0.02s
Presolved: 36 rows, 77 columns, 165 nonzeros

Iteration    Objective       Primal Inf.    Dual Inf.      Time
       0   -1.1995100e+02   4.142507e+01   0.000000e+00      0s
      34   -3.6469268e-01   0.000000e+00   0.000000e+00      0s

Solved in 34 iterations and 0.02 seconds
Optimal objective -3.646926798e-01

Gurobi 6.5.2 (win64) logging started 10/08/16 20:50:36

Read LP format model from file sample.lp
Reading time = 0.00 seconds
(null): 36 rows, 77 columns, 165 nonzeros
Optimize a model with 36 rows, 77 columns and 165 nonzeros
Coefficient statistics:
  Matrix range    [8e-01, 2e+01]
  Objective range [1e+00, 2e+01]
  Bounds range    [1e+00, 1e+00]
  RHS range       [0e+00, 0e+00]
Presolve time: 0.00s
Presolved: 36 rows, 77 columns, 165 nonzeros

Iteration    Objective       Primal Inf.    Dual Inf.      Time
       0   -1.1995100e+02   4.226757e+01   0.000000e+00      0s
      36   -5.6270322e+00   0.000000e+00   0.000000e+00      0s

Solved in 36 iterations and 0.00 seconds
Optimal objective -5.627032200e+00

Gurobi 6.5.2 (win64) logging started 10/08/16 20:50:50

Read LP format model from file sample.lp
Reading time = 0.00 seconds
(null): 36 rows, 77 columns, 165 nonzeros
Optimize a model with 36 rows, 77 columns and 165 nonzeros
Coefficient statistics:
  Matrix range    [4e-01, 3e+01]
  Objective range [1e+00, 2e+01]
  Bounds range    [1e+00, 1e+00]
  RHS range       [0e+00, 0e+00]
Presolve time: 0.00s
Presolved: 36 rows, 77 columns, 165 nonzeros

Iteration    Objective       Primal Inf.    Dual Inf.      Time
       0   -1.1995100e+02   3.609134e+01   0.000000e+00      0s
      12    0.0000000e+00   0.000000e+00   0.000000e+00      0s

Solved in 12 iterations and 0.00 seconds
Optimal objective  0.000000000e+00

Gurobi 6.5.2 (win64) logging started 10/08/16 20:51:02

Read LP format model from file sample.lp
Reading time = 0.02 seconds
(null): 36 rows, 77 columns, 165 nonzeros
Optimize a model with 36 rows, 77 columns and 165 nonzeros
Coefficient statistics:
  Matrix range    [4e-01, 3e+01]
  Objective range [1e+00, 2e+01]
  Bounds range    [1e+00, 1e+00]
  RHS range       [0e+00, 0e+00]
Presolve time: 0.00s
Presolved: 36 rows, 77 columns, 165 nonzeros

Iteration    Objective       Primal Inf.    Dual Inf.      Time
       0   -1.1995100e+02   3.609134e+01   0.000000e+00      0s
      12    0.0000000e+00   0.000000e+00   0.000000e+00      0s

Solved in 12 iterations and 0.02 seconds
Optimal objective  0.000000000e+00

Gurobi 6.5.2 (win64) logging started 10/08/16 20:51:34

Read LP format model from file sample.lp
Reading time = 0.00 seconds
(null): 36 rows, 77 columns, 165 nonzeros
Optimize a model with 36 rows, 77 columns and 165 nonzeros
Coefficient statistics:
  Matrix range    [6e-01, 3e+01]
  Objective range [1e+00, 2e+01]
  Bounds range    [1e+00, 1e+00]
  RHS range       [0e+00, 0e+00]
Presolve time: 0.02s
Presolved: 36 rows, 77 columns, 165 nonzeros

Iteration    Objective       Primal Inf.    Dual Inf.      Time
       0   -1.1995100e+02   3.955283e+01   0.000000e+00      0s
      23    0.0000000e+00   0.000000e+00   0.000000e+00      0s

Solved in 23 iterations and 0.02 seconds
Optimal objective  0.000000000e+00

Gurobi 6.5.2 (win64) logging started 10/08/16 20:51:54

Read LP format model from file sample.lp
Reading time = 0.00 seconds
(null): 36 rows, 77 columns, 165 nonzeros
Optimize a model with 36 rows, 77 columns and 165 nonzeros
Coefficient statistics:
  Matrix range    [8e-01, 2e+01]
  Objective range [1e+00, 2e+01]
  Bounds range    [1e+00, 1e+00]
  RHS range       [0e+00, 0e+00]
Presolve time: 0.00s
Presolved: 36 rows, 77 columns, 165 nonzeros

Iteration    Objective       Primal Inf.    Dual Inf.      Time
       0   -1.1995100e+02   4.189312e+01   0.000000e+00      0s
      37   -2.4825508e+00   0.000000e+00   0.000000e+00      0s

Solved in 37 iterations and 0.00 seconds
Optimal objective -2.482550840e+00

Gurobi 6.5.2 (win64) logging started 10/08/16 20:53:15

Read LP format model from file sample.lp
Reading time = 0.00 seconds
(null): 36 rows, 77 columns, 165 nonzeros
Optimize a model with 36 rows, 77 columns and 165 nonzeros
Coefficient statistics:
  Matrix range    [8e-01, 2e+01]
  Objective range [1e+00, 2e+01]
  Bounds range    [1e+00, 1e+00]
  RHS range       [0e+00, 0e+00]
Presolve time: 0.00s
Presolved: 36 rows, 77 columns, 165 nonzeros

Iteration    Objective       Primal Inf.    Dual Inf.      Time
       0   -1.1995100e+02   4.217396e+01   0.000000e+00      0s
      37   -4.6784578e+00   0.000000e+00   0.000000e+00      0s

Solved in 37 iterations and 0.00 seconds
Optimal objective -4.678457835e+00

Gurobi 6.5.2 (win64) logging started 10/08/16 20:53:38

Read LP format model from file sample.lp
Reading time = 0.00 seconds
(null): 36 rows, 77 columns, 165 nonzeros
Optimize a model with 36 rows, 77 columns and 165 nonzeros
Coefficient statistics:
  Matrix range    [8e-01, 2e+01]
  Objective range [1e+00, 2e+01]
  Bounds range    [1e+00, 1e+00]
  RHS range       [0e+00, 0e+00]
Presolve time: 0.00s
Presolved: 36 rows, 77 columns, 165 nonzeros

Iteration    Objective       Primal Inf.    Dual Inf.      Time
       0   -1.1995100e+02   4.189312e+01   0.000000e+00      0s
      37   -2.4825508e+00   0.000000e+00   0.000000e+00      0s

Solved in 37 iterations and 0.00 seconds
Optimal objective -2.482550840e+00

Gurobi 6.5.2 (win64) logging started 10/08/16 20:53:48

Read LP format model from file sample.lp
Reading time = 0.00 seconds
(null): 36 rows, 77 columns, 165 nonzeros
Optimize a model with 36 rows, 77 columns and 165 nonzeros
Coefficient statistics:
  Matrix range    [8e-01, 2e+01]
  Objective range [1e+00, 2e+01]
  Bounds range    [1e+00, 1e+00]
  RHS range       [0e+00, 0e+00]
Presolve time: 0.00s
Presolved: 36 rows, 77 columns, 165 nonzeros

Iteration    Objective       Primal Inf.    Dual Inf.      Time
       0   -1.1995100e+02   4.208035e+01   0.000000e+00      0s
      38   -3.7855160e+00   0.000000e+00   0.000000e+00      0s

Solved in 38 iterations and 0.02 seconds
Optimal objective -3.785516047e+00

Gurobi 6.5.2 (win64) logging started 10/08/16 20:55:30

Read LP format model from file sample.lp
Reading time = 0.00 seconds
(null): 36 rows, 77 columns, 165 nonzeros
Optimize a model with 36 rows, 77 columns and 165 nonzeros
Coefficient statistics:
  Matrix range    [8e-01, 2e+01]
  Objective range [1e+00, 2e+01]
  Bounds range    [1e+00, 1e+00]
  RHS range       [0e+00, 0e+00]
Presolve time: 0.02s
Presolved: 36 rows, 77 columns, 165 nonzeros

Iteration    Objective       Primal Inf.    Dual Inf.      Time
       0   -1.1995100e+02   4.208035e+01   0.000000e+00      0s
      38   -3.7855160e+00   0.000000e+00   0.000000e+00      0s

Solved in 38 iterations and 0.02 seconds
Optimal objective -3.785516047e+00

Gurobi 6.5.2 (win64) logging started 10/08/16 20:56:46

Read LP format model from file sample.lp
Reading time = 0.00 seconds
(null): 36 rows, 77 columns, 165 nonzeros
Optimize a model with 36 rows, 77 columns and 165 nonzeros
Coefficient statistics:
  Matrix range    [8e-01, 2e+01]
  Objective range [1e+00, 2e+01]
  Bounds range    [1e+00, 1e+00]
  RHS range       [0e+00, 0e+00]
Presolve time: 0.00s
Presolved: 36 rows, 77 columns, 165 nonzeros

Iteration    Objective       Primal Inf.    Dual Inf.      Time
       0   -1.1995100e+02   4.208035e+01   0.000000e+00      0s
      38   -3.7855160e+00   0.000000e+00   0.000000e+00      0s

Solved in 38 iterations and 0.00 seconds
Optimal objective -3.785516047e+00

Gurobi 6.5.2 (win64) logging started 10/08/16 20:56:59

Read LP format model from file sample.lp
Reading time = 0.00 seconds
(null): 36 rows, 77 columns, 165 nonzeros
Optimize a model with 36 rows, 77 columns and 165 nonzeros
Coefficient statistics:
  Matrix range    [8e-01, 2e+01]
  Objective range [1e+00, 2e+01]
  Bounds range    [1e+00, 1e+00]
  RHS range       [0e+00, 0e+00]
Presolve time: 0.00s
Presolved: 36 rows, 77 columns, 165 nonzeros

Iteration    Objective       Primal Inf.    Dual Inf.      Time
       0   -1.1995100e+02   4.217396e+01   0.000000e+00      0s
      37   -4.6784578e+00   0.000000e+00   0.000000e+00      0s

Solved in 37 iterations and 0.00 seconds
Optimal objective -4.678457835e+00

Gurobi 6.5.2 (win64) logging started 10/08/16 20:57:27

Read LP format model from file sample.lp
Reading time = 0.00 seconds
(null): 36 rows, 77 columns, 165 nonzeros
Optimize a model with 36 rows, 77 columns and 165 nonzeros
Coefficient statistics:
  Matrix range    [8e-01, 2e+01]
  Objective range [1e+00, 2e+01]
  Bounds range    [1e+00, 1e+00]
  RHS range       [0e+00, 0e+00]
Presolve time: 0.02s
Presolved: 36 rows, 77 columns, 165 nonzeros

Iteration    Objective       Primal Inf.    Dual Inf.      Time
       0   -1.1995100e+02   4.142507e+01   0.000000e+00      0s
      34   -3.6469268e-01   0.000000e+00   0.000000e+00      0s

Solved in 34 iterations and 0.02 seconds
Optimal objective -3.646926798e-01

Gurobi 6.5.2 (win64) logging started 10/08/16 20:57:41

Read LP format model from file sample.lp
Reading time = 0.00 seconds
(null): 36 rows, 77 columns, 165 nonzeros
Optimize a model with 36 rows, 77 columns and 165 nonzeros
Coefficient statistics:
  Matrix range    [8e-01, 2e+01]
  Objective range [1e+00, 2e+01]
  Bounds range    [1e+00, 1e+00]
  RHS range       [0e+00, 0e+00]
Presolve time: 0.02s
Presolved: 36 rows, 77 columns, 165 nonzeros

Iteration    Objective       Primal Inf.    Dual Inf.      Time
       0   -1.1995100e+02   4.217396e+01   0.000000e+00      0s
      37   -4.6784578e+00   0.000000e+00   0.000000e+00      0s

Solved in 37 iterations and 0.02 seconds
Optimal objective -4.678457835e+00

Gurobi 6.5.2 (win64) logging started 10/08/16 20:57:58

Read LP format model from file sample.lp
Reading time = 0.00 seconds
(null): 36 rows, 77 columns, 165 nonzeros
Optimize a model with 36 rows, 77 columns and 165 nonzeros
Coefficient statistics:
  Matrix range    [8e-01, 2e+01]
  Objective range [1e+00, 2e+01]
  Bounds range    [1e+00, 1e+00]
  RHS range       [0e+00, 0e+00]
Presolve time: 0.00s
Presolved: 36 rows, 77 columns, 165 nonzeros

Iteration    Objective       Primal Inf.    Dual Inf.      Time
       0   -1.1995100e+02   4.217396e+01   0.000000e+00      0s
      37   -4.6784578e+00   0.000000e+00   0.000000e+00      0s

Solved in 37 iterations and 0.00 seconds
Optimal objective -4.678457835e+00

Gurobi 6.5.2 (win64) logging started 10/08/16 20:58:04

Read LP format model from file sample.lp
Reading time = 0.00 seconds
(null): 36 rows, 77 columns, 165 nonzeros
Optimize a model with 36 rows, 77 columns and 165 nonzeros
Coefficient statistics:
  Matrix range    [8e-01, 2e+01]
  Objective range [1e+00, 2e+01]
  Bounds range    [1e+00, 1e+00]
  RHS range       [0e+00, 0e+00]
Presolve time: 0.02s
Presolved: 36 rows, 77 columns, 165 nonzeros

Iteration    Objective       Primal Inf.    Dual Inf.      Time
       0   -1.1995100e+02   4.217396e+01   0.000000e+00      0s
      37   -4.6784578e+00   0.000000e+00   0.000000e+00      0s

Solved in 37 iterations and 0.02 seconds
Optimal objective -4.678457835e+00

Gurobi 6.5.2 (win64) logging started 10/08/16 20:58:11

Read LP format model from file sample.lp
Reading time = 0.00 seconds
(null): 36 rows, 77 columns, 165 nonzeros
Optimize a model with 36 rows, 77 columns and 165 nonzeros
Coefficient statistics:
  Matrix range    [8e-01, 2e+01]
  Objective range [1e+00, 2e+01]
  Bounds range    [1e+00, 1e+00]
  RHS range       [0e+00, 0e+00]
Presolve time: 0.02s
Presolved: 36 rows, 77 columns, 165 nonzeros

Iteration    Objective       Primal Inf.    Dual Inf.      Time
       0   -1.1995100e+02   4.217396e+01   0.000000e+00      0s
      37   -4.6784578e+00   0.000000e+00   0.000000e+00      0s

Solved in 37 iterations and 0.02 seconds
Optimal objective -4.678457835e+00

Gurobi 6.5.2 (win64) logging started 10/08/16 20:58:16

Read LP format model from file sample.lp
Reading time = 0.00 seconds
(null): 36 rows, 77 columns, 165 nonzeros
Optimize a model with 36 rows, 77 columns and 165 nonzeros
Coefficient statistics:
  Matrix range    [8e-01, 2e+01]
  Objective range [1e+00, 2e+01]
  Bounds range    [1e+00, 1e+00]
  RHS range       [0e+00, 0e+00]
Presolve time: 0.02s
Presolved: 36 rows, 77 columns, 165 nonzeros

Iteration    Objective       Primal Inf.    Dual Inf.      Time
       0   -1.1995100e+02   4.217396e+01   0.000000e+00      0s
      37   -4.6784578e+00   0.000000e+00   0.000000e+00      0s

Solved in 37 iterations and 0.03 seconds
Optimal objective -4.678457835e+00

Gurobi 6.5.2 (win64) logging started 10/08/16 20:58:45

Read LP format model from file sample.lp
Reading time = 0.00 seconds
(null): 36 rows, 77 columns, 165 nonzeros
Optimize a model with 36 rows, 77 columns and 165 nonzeros
Coefficient statistics:
  Matrix range    [8e-01, 2e+01]
  Objective range [1e+00, 2e+01]
  Bounds range    [1e+00, 1e+00]
  RHS range       [0e+00, 0e+00]
Presolve time: 0.02s
Presolved: 36 rows, 77 columns, 165 nonzeros

Iteration    Objective       Primal Inf.    Dual Inf.      Time
       0   -1.1995100e+02   4.217396e+01   0.000000e+00      0s
      37   -4.6784578e+00   0.000000e+00   0.000000e+00      0s

Solved in 37 iterations and 0.03 seconds
Optimal objective -4.678457835e+00

Gurobi 6.5.2 (win64) logging started 10/08/16 21:01:47

Read LP format model from file sample.lp
Reading time = 0.00 seconds
(null): 36 rows, 77 columns, 165 nonzeros
Optimize a model with 36 rows, 77 columns and 165 nonzeros
Coefficient statistics:
  Matrix range    [8e-01, 2e+01]
  Objective range [1e+00, 2e+01]
  Bounds range    [1e+00, 1e+00]
  RHS range       [0e+00, 0e+00]
Presolve time: 0.00s
Presolved: 36 rows, 77 columns, 165 nonzeros

Iteration    Objective       Primal Inf.    Dual Inf.      Time
       0   -1.1995100e+02   4.217396e+01   0.000000e+00      0s
      37   -4.6784578e+00   0.000000e+00   0.000000e+00      0s

Solved in 37 iterations and 0.02 seconds
Optimal objective -4.678457835e+00

Gurobi 6.5.2 (win64) logging started 10/08/16 21:02:00

Read LP format model from file sample.lp
Reading time = 0.00 seconds
(null): 36 rows, 77 columns, 165 nonzeros
Optimize a model with 36 rows, 77 columns and 165 nonzeros
Coefficient statistics:
  Matrix range    [8e-01, 2e+01]
  Objective range [1e+00, 2e+01]
  Bounds range    [1e+00, 1e+00]
  RHS range       [0e+00, 0e+00]
Presolve time: 0.02s
Presolved: 36 rows, 77 columns, 165 nonzeros

Iteration    Objective       Primal Inf.    Dual Inf.      Time
       0   -1.1995100e+02   4.217396e+01   0.000000e+00      0s
      37   -4.6784578e+00   0.000000e+00   0.000000e+00      0s

Solved in 37 iterations and 0.02 seconds
Optimal objective -4.678457835e+00

Gurobi 6.5.2 (win64) logging started 10/08/16 21:02:12

Read LP format model from file sample.lp
Reading time = 0.00 seconds
(null): 36 rows, 77 columns, 165 nonzeros
Optimize a model with 36 rows, 77 columns and 165 nonzeros
Coefficient statistics:
  Matrix range    [8e-01, 2e+01]
  Objective range [1e+00, 2e+01]
  Bounds range    [1e+00, 1e+00]
  RHS range       [0e+00, 0e+00]
Presolve time: 0.02s
Presolved: 36 rows, 77 columns, 165 nonzeros

Iteration    Objective       Primal Inf.    Dual Inf.      Time
       0   -1.1995100e+02   4.217396e+01   0.000000e+00      0s
      37   -4.6784578e+00   0.000000e+00   0.000000e+00      0s

Solved in 37 iterations and 0.02 seconds
Optimal objective -4.678457835e+00

Gurobi 6.5.2 (win64) logging started 10/08/16 21:02:16

Read LP format model from file sample.lp
Reading time = 0.00 seconds
(null): 36 rows, 77 columns, 165 nonzeros
Optimize a model with 36 rows, 77 columns and 165 nonzeros
Coefficient statistics:
  Matrix range    [8e-01, 2e+01]
  Objective range [1e+00, 2e+01]
  Bounds range    [1e+00, 1e+00]
  RHS range       [0e+00, 0e+00]
Presolve time: 0.02s
Presolved: 36 rows, 77 columns, 165 nonzeros

Iteration    Objective       Primal Inf.    Dual Inf.      Time
       0   -1.1995100e+02   4.217396e+01   0.000000e+00      0s
      37   -4.6784578e+00   0.000000e+00   0.000000e+00      0s

Solved in 37 iterations and 0.02 seconds
Optimal objective -4.678457835e+00

Gurobi 6.5.2 (win64) logging started 10/08/16 21:02:21

Read LP format model from file sample.lp
Reading time = 0.02 seconds
(null): 36 rows, 77 columns, 165 nonzeros
Optimize a model with 36 rows, 77 columns and 165 nonzeros
Coefficient statistics:
  Matrix range    [8e-01, 2e+01]
  Objective range [1e+00, 2e+01]
  Bounds range    [1e+00, 1e+00]
  RHS range       [0e+00, 0e+00]
Presolve time: 0.00s
Presolved: 36 rows, 77 columns, 165 nonzeros

Iteration    Objective       Primal Inf.    Dual Inf.      Time
       0   -1.1995100e+02   4.217396e+01   0.000000e+00      0s
      37   -4.6784578e+00   0.000000e+00   0.000000e+00      0s

Solved in 37 iterations and 0.00 seconds
Optimal objective -4.678457835e+00

Gurobi 6.5.2 (win64) logging started 10/08/16 21:03:10

Read LP format model from file sample.lp
Reading time = 0.00 seconds
(null): 36 rows, 77 columns, 165 nonzeros
Optimize a model with 36 rows, 77 columns and 165 nonzeros
Coefficient statistics:
  Matrix range    [8e-01, 2e+01]
  Objective range [1e+00, 2e+01]
  Bounds range    [1e+00, 1e+00]
  RHS range       [0e+00, 0e+00]
Presolve time: 0.02s
Presolved: 36 rows, 77 columns, 165 nonzeros

Iteration    Objective       Primal Inf.    Dual Inf.      Time
       0   -1.1995100e+02   4.217396e+01   0.000000e+00      0s
      37   -4.6784578e+00   0.000000e+00   0.000000e+00      0s

Solved in 37 iterations and 0.02 seconds
Optimal objective -4.678457835e+00

Gurobi 6.5.2 (win64) logging started 10/08/16 21:03:33

Read LP format model from file sample.lp
Reading time = 0.00 seconds
(null): 36 rows, 77 columns, 165 nonzeros
Optimize a model with 36 rows, 77 columns and 165 nonzeros
Coefficient statistics:
  Matrix range    [8e-01, 2e+01]
  Objective range [1e+00, 2e+01]
  Bounds range    [1e+00, 1e+00]
  RHS range       [0e+00, 0e+00]
Presolve time: 0.00s
Presolved: 36 rows, 77 columns, 165 nonzeros

Iteration    Objective       Primal Inf.    Dual Inf.      Time
       0   -1.1995100e+02   4.217396e+01   0.000000e+00      0s
      37   -4.6784578e+00   0.000000e+00   0.000000e+00      0s

Solved in 37 iterations and 0.00 seconds
Optimal objective -4.678457835e+00

Gurobi 6.5.2 (win64) logging started 10/08/16 21:14:17

Read LP format model from file dample.lp
Reading time = 0.00 seconds
(null): 36 rows, 77 columns, 165 nonzeros
Optimize a model with 36 rows, 77 columns and 165 nonzeros
Coefficient statistics:
  Matrix range    [8e-01, 2e+01]
  Objective range [1e+00, 2e+01]
  Bounds range    [1e+00, 1e+00]
  RHS range       [0e+00, 0e+00]
Presolve time: 0.00s
Presolved: 36 rows, 77 columns, 165 nonzeros

Iteration    Objective       Primal Inf.    Dual Inf.      Time
       0   -1.1995100e+02   4.217396e+01   0.000000e+00      0s
      37   -4.6784578e+00   0.000000e+00   0.000000e+00      0s

Solved in 37 iterations and 0.00 seconds
Optimal objective -4.678457835e+00

Gurobi 6.5.2 (win64) logging started 10/08/16 21:14:48

Read LP format model from file dample.lp
Reading time = 0.00 seconds
(null): 36 rows, 77 columns, 165 nonzeros
Optimize a model with 36 rows, 77 columns and 165 nonzeros
Coefficient statistics:
  Matrix range    [8e-01, 2e+01]
  Objective range [1e+00, 2e+01]
  Bounds range    [1e+00, 1e+00]
  RHS range       [0e+00, 0e+00]
Presolve time: 0.01s
Presolved: 36 rows, 77 columns, 165 nonzeros

Iteration    Objective       Primal Inf.    Dual Inf.      Time
       0   -1.1995100e+02   4.217396e+01   0.000000e+00      0s
      37   -4.6784578e+00   0.000000e+00   0.000000e+00      0s

Solved in 37 iterations and 0.01 seconds
Optimal objective -4.678457835e+00

Gurobi 6.5.2 (win64) logging started 10/08/16 21:15:07

Read LP format model from file dample.lp
Reading time = 0.00 seconds
(null): 36 rows, 77 columns, 165 nonzeros
Optimize a model with 36 rows, 77 columns and 165 nonzeros
Coefficient statistics:
  Matrix range    [8e-01, 2e+01]
  Objective range [1e+00, 2e+01]
  Bounds range    [1e+00, 1e+00]
  RHS range       [0e+00, 0e+00]
Presolve time: 0.01s
Presolved: 36 rows, 77 columns, 165 nonzeros

Iteration    Objective       Primal Inf.    Dual Inf.      Time
       0   -1.1995100e+02   4.217396e+01   0.000000e+00      0s
      37   -4.6784578e+00   0.000000e+00   0.000000e+00      0s

Solved in 37 iterations and 0.02 seconds
Optimal objective -4.678457835e+00

Gurobi 6.5.2 (win64) logging started 10/08/16 21:16:00

Read LP format model from file dample.lp
Reading time = 0.00 seconds
(null): 36 rows, 77 columns, 165 nonzeros
Optimize a model with 36 rows, 77 columns and 165 nonzeros
Coefficient statistics:
  Matrix range    [8e-01, 2e+01]
  Objective range [1e+00, 2e+01]
  Bounds range    [1e+00, 1e+00]
  RHS range       [0e+00, 0e+00]
Presolve time: 0.01s
Presolved: 36 rows, 77 columns, 165 nonzeros

Iteration    Objective       Primal Inf.    Dual Inf.      Time
       0   -1.1995100e+02   4.217396e+01   0.000000e+00      0s
      37   -4.6784578e+00   0.000000e+00   0.000000e+00      0s

Solved in 37 iterations and 0.02 seconds
Optimal objective -4.678457835e+00

Gurobi 6.5.2 (win64) logging started 10/08/16 21:16:46

Read LP format model from file dample.lp
Reading time = 0.00 seconds
(null): 36 rows, 77 columns, 165 nonzeros
Optimize a model with 36 rows, 77 columns and 165 nonzeros
Coefficient statistics:
  Matrix range    [8e-01, 2e+01]
  Objective range [1e+00, 2e+01]
  Bounds range    [1e+00, 1e+00]
  RHS range       [0e+00, 0e+00]
Presolve time: 0.01s
Presolved: 36 rows, 77 columns, 165 nonzeros

Iteration    Objective       Primal Inf.    Dual Inf.      Time
       0   -1.1995100e+02   4.217396e+01   0.000000e+00      0s
      37   -4.6784578e+00   0.000000e+00   0.000000e+00      0s

Solved in 37 iterations and 0.01 seconds
Optimal objective -4.678457835e+00

Gurobi 6.5.2 (win64) logging started 10/08/16 21:22:49

Read LP format model from file dample.lp
Reading time = 0.00 seconds
(null): 36 rows, 77 columns, 165 nonzeros
Optimize a model with 36 rows, 77 columns and 165 nonzeros
Coefficient statistics:
  Matrix range    [8e-01, 2e+01]
  Objective range [1e+00, 2e+01]
  Bounds range    [1e+00, 1e+00]
  RHS range       [0e+00, 0e+00]
Presolve time: 0.01s
Presolved: 36 rows, 77 columns, 165 nonzeros

Iteration    Objective       Primal Inf.    Dual Inf.      Time
       0   -1.1995100e+02   4.217396e+01   0.000000e+00      0s
      37   -4.6784578e+00   0.000000e+00   0.000000e+00      0s

Solved in 37 iterations and 0.01 seconds
Optimal objective -4.678457835e+00

Gurobi 6.5.2 (win64) logging started 10/08/16 21:23:27

Read LP format model from file dample.lp
Reading time = 0.00 seconds
(null): 36 rows, 77 columns, 165 nonzeros
Optimize a model with 36 rows, 77 columns and 165 nonzeros
Coefficient statistics:
  Matrix range    [8e-01, 2e+01]
  Objective range [1e+00, 2e+01]
  Bounds range    [1e+00, 1e+00]
  RHS range       [0e+00, 0e+00]
Presolve time: 0.01s
Presolved: 36 rows, 77 columns, 165 nonzeros

Iteration    Objective       Primal Inf.    Dual Inf.      Time
       0   -1.1995100e+02   4.217396e+01   0.000000e+00      0s
      37   -4.6784578e+00   0.000000e+00   0.000000e+00      0s

Solved in 37 iterations and 0.01 seconds
Optimal objective -4.678457835e+00

Gurobi 6.5.2 (win64) logging started 10/08/16 21:28:34

Read LP format model from file dample.lp
Reading time = 0.00 seconds
(null): 36 rows, 77 columns, 165 nonzeros
Optimize a model with 36 rows, 77 columns and 165 nonzeros
Coefficient statistics:
  Matrix range    [8e-01, 2e+01]
  Objective range [1e+00, 2e+01]
  Bounds range    [1e+00, 1e+00]
  RHS range       [0e+00, 0e+00]
Presolve time: 0.01s
Presolved: 36 rows, 77 columns, 165 nonzeros

Iteration    Objective       Primal Inf.    Dual Inf.      Time
       0   -1.1995100e+02   4.217396e+01   0.000000e+00      0s
      37   -4.6784578e+00   0.000000e+00   0.000000e+00      0s

Solved in 37 iterations and 0.02 seconds
Optimal objective -4.678457835e+00

Gurobi 6.5.2 (win64) logging started 10/08/16 21:28:39

Read LP format model from file dample.lp
Reading time = 0.00 seconds
(null): 36 rows, 77 columns, 165 nonzeros
Optimize a model with 36 rows, 77 columns and 165 nonzeros
Coefficient statistics:
  Matrix range    [8e-01, 2e+01]
  Objective range [1e+00, 2e+01]
  Bounds range    [1e+00, 1e+00]
  RHS range       [0e+00, 0e+00]
Presolve time: 0.01s
Presolved: 36 rows, 77 columns, 165 nonzeros

Iteration    Objective       Primal Inf.    Dual Inf.      Time
       0   -1.1995100e+02   4.217396e+01   0.000000e+00      0s
      37   -4.6784578e+00   0.000000e+00   0.000000e+00      0s

Solved in 37 iterations and 0.01 seconds
Optimal objective -4.678457835e+00

Gurobi 6.5.2 (win64) logging started 10/08/16 21:29:26

Read LP format model from file dample.lp
Reading time = 0.00 seconds
(null): 36 rows, 77 columns, 165 nonzeros
Optimize a model with 36 rows, 77 columns and 165 nonzeros
Coefficient statistics:
  Matrix range    [8e-01, 2e+01]
  Objective range [1e+00, 2e+01]
  Bounds range    [1e+00, 1e+00]
  RHS range       [0e+00, 0e+00]
Presolve time: 0.01s
Presolved: 36 rows, 77 columns, 165 nonzeros

Iteration    Objective       Primal Inf.    Dual Inf.      Time
       0   -1.1995100e+02   4.217396e+01   0.000000e+00      0s
      37   -4.6784578e+00   0.000000e+00   0.000000e+00      0s

Solved in 37 iterations and 0.01 seconds
Optimal objective -4.678457835e+00

Gurobi 6.5.2 (win64) logging started 10/08/16 21:35:23

Read LP format model from file dample.lp
Reading time = 0.00 seconds
(null): 36 rows, 77 columns, 165 nonzeros
Optimize a model with 36 rows, 77 columns and 165 nonzeros
Coefficient statistics:
  Matrix range    [8e-01, 2e+01]
  Objective range [1e+00, 2e+01]
  Bounds range    [1e+00, 1e+00]
  RHS range       [0e+00, 0e+00]
Presolve time: 0.01s
Presolved: 36 rows, 77 columns, 165 nonzeros

Iteration    Objective       Primal Inf.    Dual Inf.      Time
       0   -1.1995100e+02   4.217396e+01   0.000000e+00      0s
      37   -4.6784578e+00   0.000000e+00   0.000000e+00      0s

Solved in 37 iterations and 0.02 seconds
Optimal objective -4.678457835e+00

Gurobi 6.5.2 (win64) logging started 10/08/16 21:38:15

Read LP format model from file dample.lp
Reading time = 0.00 seconds
(null): 36 rows, 77 columns, 165 nonzeros
Optimize a model with 36 rows, 77 columns and 165 nonzeros
Coefficient statistics:
  Matrix range    [8e-01, 2e+01]
  Objective range [1e+00, 2e+01]
  Bounds range    [1e+00, 1e+00]
  RHS range       [0e+00, 0e+00]
Presolve time: 0.01s
Presolved: 36 rows, 77 columns, 165 nonzeros

Iteration    Objective       Primal Inf.    Dual Inf.      Time
       0   -1.1995100e+02   4.217396e+01   0.000000e+00      0s
      37   -4.6784578e+00   0.000000e+00   0.000000e+00      0s

Solved in 37 iterations and 0.02 seconds
Optimal objective -4.678457835e+00

Gurobi 6.5.2 (win64) logging started 10/08/16 21:43:31

Read LP format model from file dample.lp
Reading time = 0.00 seconds
(null): 36 rows, 77 columns, 165 nonzeros
Optimize a model with 36 rows, 77 columns and 165 nonzeros
Coefficient statistics:
  Matrix range    [8e-01, 2e+01]
  Objective range [1e+00, 2e+01]
  Bounds range    [1e+00, 1e+00]
  RHS range       [0e+00, 0e+00]
Presolve time: 0.01s
Presolved: 36 rows, 77 columns, 165 nonzeros

Iteration    Objective       Primal Inf.    Dual Inf.      Time
       0   -1.1995100e+02   4.217396e+01   0.000000e+00      0s
      37   -4.6784578e+00   0.000000e+00   0.000000e+00      0s

Solved in 37 iterations and 0.01 seconds
Optimal objective -4.678457835e+00

Gurobi 6.5.2 (win64) logging started 10/08/16 21:44:03

Read LP format model from file dample.lp
Reading time = 0.00 seconds
(null): 36 rows, 77 columns, 165 nonzeros
Optimize a model with 36 rows, 77 columns and 165 nonzeros
Coefficient statistics:
  Matrix range    [8e-01, 2e+01]
  Objective range [1e+00, 2e+01]
  Bounds range    [1e+00, 1e+00]
  RHS range       [0e+00, 0e+00]
Presolve time: 0.01s
Presolved: 36 rows, 77 columns, 165 nonzeros

Iteration    Objective       Primal Inf.    Dual Inf.      Time
       0   -1.1995100e+02   4.217396e+01   0.000000e+00      0s
      37   -4.6784578e+00   0.000000e+00   0.000000e+00      0s

Solved in 37 iterations and 0.01 seconds
Optimal objective -4.678457835e+00

Gurobi 6.5.2 (win64) logging started 10/08/16 21:47:56

Read LP format model from file dample.lp
Reading time = 0.00 seconds
(null): 36 rows, 77 columns, 165 nonzeros
Optimize a model with 36 rows, 77 columns and 165 nonzeros
Coefficient statistics:
  Matrix range    [8e-01, 2e+01]
  Objective range [1e+00, 2e+01]
  Bounds range    [1e+00, 1e+00]
  RHS range       [0e+00, 0e+00]
Presolve time: 0.01s
Presolved: 36 rows, 77 columns, 165 nonzeros

Iteration    Objective       Primal Inf.    Dual Inf.      Time
       0   -1.1995100e+02   4.217396e+01   0.000000e+00      0s
      37   -4.6784578e+00   0.000000e+00   0.000000e+00      0s

Solved in 37 iterations and 0.01 seconds
Optimal objective -4.678457835e+00

Gurobi 6.5.2 (win64) logging started 10/15/16 16:13:45

Read LP format model from file sample.lp
Reading time = 0.00 seconds
(null): 36 rows, 77 columns, 165 nonzeros
Optimize a model with 36 rows, 77 columns and 165 nonzeros
Coefficient statistics:
  Matrix range    [8e-01, 2e+01]
  Objective range [1e+00, 2e+01]
  Bounds range    [1e+00, 1e+00]
  RHS range       [0e+00, 0e+00]
Presolve time: 0.08s
Presolved: 36 rows, 77 columns, 165 nonzeros

Iteration    Objective       Primal Inf.    Dual Inf.      Time
       0   -1.1995100e+02   4.217396e+01   0.000000e+00      0s
      37   -4.6784578e+00   0.000000e+00   0.000000e+00      0s

Solved in 37 iterations and 0.17 seconds
Optimal objective -4.678457835e+00

Gurobi 6.5.2 (win64) logging started 10/15/16 16:32:19

Read LP format model from file sample.lp
Reading time = 0.00 seconds
(null): 36 rows, 77 columns, 165 nonzeros
Optimize a model with 36 rows, 77 columns and 165 nonzeros
Coefficient statistics:
  Matrix range    [8e-01, 2e+01]
  Objective range [1e+00, 2e+01]
  Bounds range    [1e+00, 1e+00]
  RHS range       [0e+00, 0e+00]
Presolve time: 0.03s
Presolved: 36 rows, 77 columns, 165 nonzeros

Iteration    Objective       Primal Inf.    Dual Inf.      Time
       0   -1.1995100e+02   4.217396e+01   0.000000e+00      0s
      37   -4.6784578e+00   0.000000e+00   0.000000e+00      0s

Solved in 37 iterations and 0.07 seconds
Optimal objective -4.678457835e+00

Gurobi 6.5.2 (win64) logging started 10/15/16 16:35:16

Read LP format model from file sample.lp
Reading time = 0.00 seconds
(null): 36 rows, 77 columns, 165 nonzeros
Optimize a model with 36 rows, 77 columns and 165 nonzeros
Coefficient statistics:
  Matrix range    [8e-01, 2e+01]
  Objective range [1e+00, 2e+01]
  Bounds range    [1e+00, 1e+00]
  RHS range       [0e+00, 0e+00]
Presolve time: 0.02s
Presolved: 36 rows, 77 columns, 165 nonzeros

Iteration    Objective       Primal Inf.    Dual Inf.      Time
       0   -1.1995100e+02   4.217396e+01   0.000000e+00      0s
      37   -4.6784578e+00   0.000000e+00   0.000000e+00      0s

Solved in 37 iterations and 0.02 seconds
Optimal objective -4.678457835e+00
